<?xml version="1.0" encoding="UTF-8"?>
<!-- Generated by org.testng.reporters.JUnitReportReporter -->
<testsuite hostname="NSHANU-WS" name="myPackage8.openBrowser" tests="1" failures="0" timestamp="18 Dec 2017 07:13:07 GMT" time="11.601" errors="0">
  <testcase name="login_FlipKart" time="11.601" classname="myPackage8.openBrowser"/>
</testsuite> <!-- myPackage8.openBrowser -->
